<?xml version="1.0" encoding="UTF-8"?>
<!-- Generated by org.testng.reporters.JUnitReportReporter -->
<testsuite hostname="DESKTOP-FITPC34" failures="0" tests="1" name="tests.LoginTest" time="5.433" errors="0" timestamp="2023-02-21T23:10:27 ICT" skipped="0">
  <testcase classname="tests.LoginTest" name="testLogin" time="5.433"/>
  <system-out/>
</testsuite> <!-- tests.LoginTest -->
