<?xml version="1.0" encoding="UTF-8"?>
<!-- Generated by org.testng.reporters.JUnitReportReporter -->
<testsuite hostname="DESKTOP-FITPC34" failures="0" tests="1" name="tests.LoginTest" time="8.080" errors="0" timestamp="2022-11-17T02:54:12 ICT" skipped="0">
  <testcase classname="tests.LoginTest" name="testLogin" time="8.080"/>
  <system-out/>
</testsuite> <!-- tests.LoginTest -->
